Using pre-set license
Built from '2021.3/staging' branch; Version is '2021.3.21f1 (1b156197d683) revision 1774945'; Using compiler version '192829333'; Build Type 'Release'
OS: 'Windows 10  (10.0.19045) 64bit Core' Language: 'ko' Physical Memory: 8107 MB
BatchMode: 1, IsHumanControllingUs: 0, StartBugReporterOnCrash: 0, Is64bit: 1, IsPro: 1

COMMAND LINE ARGUMENTS:
D:\Unity\2021.3.21f1\Editor\Unity.exe
-adb2
-batchMode
-noUpm
-name
AssetImportWorker0
-projectPath
D:/Unity/HoondoStudio
-logFile
Logs/AssetImportWorker0.log
-srvPort
51422
Successfully changed project path to: D:/Unity/HoondoStudio
D:/Unity/HoondoStudio
[UnityMemory] Configuration Parameters - Can be set up in boot.config
    "memorysetup-bucket-allocator-granularity=16"
    "memorysetup-bucket-allocator-bucket-count=8"
    "memorysetup-bucket-allocator-block-size=33554432"
    "memorysetup-bucket-allocator-block-count=8"
    "memorysetup-main-allocator-block-size=16777216"
    "memorysetup-thread-allocator-block-size=16777216"
    "memorysetup-gfx-main-allocator-block-size=16777216"
    "memorysetup-gfx-thread-allocator-block-size=16777216"
    "memorysetup-cache-allocator-block-size=4194304"
    "memorysetup-typetree-allocator-block-size=2097152"
    "memorysetup-profiler-bucket-allocator-granularity=16"
    "memorysetup-profiler-bucket-allocator-bucket-count=8"
    "memorysetup-profiler-bucket-allocator-block-size=33554432"
    "memorysetup-profiler-bucket-allocator-block-count=8"
    "memorysetup-profiler-allocator-block-size=16777216"
    "memorysetup-profiler-editor-allocator-block-size=1048576"
    "memorysetup-temp-allocator-size-main=16777216"
    "memorysetup-job-temp-allocator-block-size=2097152"
    "memorysetup-job-temp-allocator-block-size-background=1048576"
    "memorysetup-job-temp-allocator-reduction-small-platforms=262144"
    "memorysetup-temp-allocator-size-background-worker=32768"
    "memorysetup-temp-allocator-size-job-worker=262144"
    "memorysetup-temp-allocator-size-preload-manager=33554432"
    "memorysetup-temp-allocator-size-nav-mesh-worker=65536"
    "memorysetup-temp-allocator-size-audio-worker=65536"
    "memorysetup-temp-allocator-size-cloud-worker=32768"
    "memorysetup-temp-allocator-size-gi-baking-worker=262144"
    "memorysetup-temp-allocator-size-gfx=262144"
Player connection [2976] Host "[IP] 25.47.37.206 [Port] 0 [Flags] 2 [Guid] 2244366822 [EditorId] 2244366822 [Version] 1048832 [Id] WindowsEditor(7,DESKTOP-1B9MGFI) [Debug] 1 [PackageName] WindowsEditor [ProjectName] Editor" joined multi-casting on [225.0.0.222:54997]...

Player connection [2976] Host "[IP] 25.47.37.206 [Port] 0 [Flags] 2 [Guid] 2244366822 [EditorId] 2244366822 [Version] 1048832 [Id] WindowsEditor(7,DESKTOP-1B9MGFI) [Debug] 1 [PackageName] WindowsEditor [ProjectName] Editor" joined alternative multi-casting on [225.0.0.222:34997]...

Refreshing native plugins compatible for Editor in 142.60 ms, found 3 plugins.
Preloading 0 native plugins for Editor in 0.00 ms.
Initialize engine version: 2021.3.21f1 (1b156197d683)
[Subsystems] Discovering subsystems at path D:/Unity/2021.3.21f1/Editor/Data/Resources/UnitySubsystems
[Subsystems] Discovering subsystems at path D:/Unity/HoondoStudio/Assets
GfxDevice: creating device client; threaded=0; jobified=0
Direct3D:
    Version:  Direct3D 11.0 [level 11.1]
    Renderer: Intel(R) HD Graphics 620 (ID=0x5916)
    Vendor:   Intel
    VRAM:     4053 MB
    Driver:   27.20.100.8336
Initialize mono
Mono path[0] = 'D:/Unity/2021.3.21f1/Editor/Data/Managed'
Mono path[1] = 'D:/Unity/2021.3.21f1/Editor/Data/MonoBleedingEdge/lib/mono/unityjit-win32'
Mono config path = 'D:/Unity/2021.3.21f1/Editor/Data/MonoBleedingEdge/etc'
Using monoOptions --debugger-agent=transport=dt_socket,embedding=1,server=y,suspend=n,address=127.0.0.1:56260
Begin MonoManager ReloadAssembly
Registering precompiled unity dll's ...
Register platform support module: D:/Unity/2021.3.21f1/Editor/Data/PlaybackEngines/WebGLSupport/UnityEditor.WebGL.Extensions.dll
Register platform support module: D:/Unity/2021.3.21f1/Editor/Data/PlaybackEngines/WindowsStandaloneSupport/UnityEditor.WindowsStandalone.Extensions.dll
Registered in 0.005027 seconds.
Native extension for WindowsStandalone target not found
Native extension for WebGL target not found
Refreshing native plugins compatible for Editor in 165.44 ms, found 3 plugins.
Preloading 0 native plugins for Editor in 0.00 ms.
Mono: successfully reloaded assembly
- Completed reload, in  1.309 seconds
Domain Reload Profiling:
	ReloadAssembly (1312ms)
		BeginReloadAssembly (136ms)
			ExecutionOrderSort (0ms)
			DisableScriptedObjects (0ms)
			BackupInstance (0ms)
			ReleaseScriptingObjects (0ms)
			CreateAndSetChildDomain (1ms)
		EndReloadAssembly (998ms)
			LoadAssemblies (135ms)
			RebuildTransferFunctionScriptingTraits (0ms)
			SetupTypeCache (238ms)
			ReleaseScriptCaches (0ms)
			RebuildScriptCaches (92ms)
			SetupLoadedEditorAssemblies (552ms)
				LogAssemblyErrors (0ms)
				InitializePlatformSupportModulesInManaged (15ms)
				SetLoadedEditorAssemblies (0ms)
				RefreshPlugins (166ms)
				BeforeProcessingInitializeOnLoad (2ms)
				ProcessInitializeOnLoadAttributes (246ms)
				ProcessInitializeOnLoadMethodAttributes (122ms)
				AfterProcessingInitializeOnLoad (0ms)
				EditorAssembliesLoaded (0ms)
			ExecutionOrderSort2 (0ms)
			AwakeInstancesAfterBackupRestoration (0ms)
Platform modules already initialized, skipping
Registering precompiled user dll's ...
Registered in 0.006451 seconds.
Begin MonoManager ReloadAssembly
Symbol file LoadedFromMemory doesn't match image D:\Unity\HoondoStudio\Library\PackageCache\com.unity.visualscripting@1.8.0\Editor\VisualScripting.Core\Dependencies\YamlDotNet\Unity.VisualScripting.YamlDotNet.dll
Symbol file LoadedFromMemory doesn't match image D:\Unity\HoondoStudio\Library\PackageCache\com.unity.visualscripting@1.8.0\Editor\VisualScripting.Core\Dependencies\DotNetZip\Unity.VisualScripting.IonicZip.dll
Native extension for WindowsStandalone target not found
Native extension for WebGL target not found
Refreshing native plugins compatible for Editor in 1.27 ms, found 3 plugins.
Preloading 0 native plugins for Editor in 0.00 ms.
Mono: successfully reloaded assembly
- Completed reload, in  2.177 seconds
Domain Reload Profiling:
	ReloadAssembly (2179ms)
		BeginReloadAssembly (422ms)
			ExecutionOrderSort (0ms)
			DisableScriptedObjects (11ms)
			BackupInstance (0ms)
			ReleaseScriptingObjects (0ms)
			CreateAndSetChildDomain (53ms)
		EndReloadAssembly (1458ms)
			LoadAssemblies (321ms)
			RebuildTransferFunctionScriptingTraits (0ms)
			SetupTypeCache (464ms)
			ReleaseScriptCaches (1ms)
			RebuildScriptCaches (113ms)
			SetupLoadedEditorAssemblies (692ms)
				LogAssemblyErrors (0ms)
				InitializePlatformSupportModulesInManaged (9ms)
				SetLoadedEditorAssemblies (1ms)
				RefreshPlugins (1ms)
				BeforeProcessingInitializeOnLoad (145ms)
				ProcessInitializeOnLoadAttributes (461ms)
				ProcessInitializeOnLoadMethodAttributes (68ms)
				AfterProcessingInitializeOnLoad (6ms)
				EditorAssembliesLoaded (0ms)
			ExecutionOrderSort2 (0ms)
			AwakeInstancesAfterBackupRestoration (13ms)
Platform modules already initialized, skipping
========================================================================
Worker process is ready to serve import requests
Launched and connected shader compiler UnityShaderCompiler.exe after 0.08 seconds
Refreshing native plugins compatible for Editor in 0.65 ms, found 3 plugins.
Preloading 0 native plugins for Editor in 0.00 ms.
Unloading 2988 Unused Serialized files (Serialized files now loaded: 0)
Unloading 25 unused Assets / (56.8 KB). Loaded Objects now: 3454.
Memory consumption went from 111.1 MB to 111.0 MB.
Total: 4.826000 ms (FindLiveObjects: 0.319600 ms CreateObjectMapping: 0.253700 ms MarkObjects: 4.125100 ms  DeleteObjects: 0.126200 ms)

AssetImportParameters requested are different than current active one (requested -> active):
  custom:video-decoder-ogg-theora: a1e56fd34408186e4bbccfd4996cb3dc -> 
  custom:container-muxer-webm: aa71ff27fc2769a1b78a27578f13a17b -> 
  custom:container-demuxer-webm: 4f35f7cbe854078d1ac9338744f61a02 -> 
  custom:video-encoder-webm-vp8: eb34c28f22e8b96e1ab97ce403110664 -> 
  custom:audio-encoder-webm-vorbis: bf7c407c2cedff20999df2af8eb42d56 -> 
  custom:framework-win-MediaFoundation: 216162199b28c13a410421893ffa2e32 -> 
  custom:container-demuxer-ogg: 62fdf1f143b41e24485cea50d1cbac27 -> 
  custom:video-decoder-webm-vp8: 9c59270c3fd7afecdb556c50c9e8de78 -> 
  custom:audio-decoder-ogg-vorbis: bf7c407c2cedff20999df2af8eb42d56 -> 
========================================================================
Received Import Request.
  Time since last request: 177223.943764 seconds.
  path: Assets/TileMap/TileMap1/Tile002.asset
  artifactKey: Guid(3709d94421f641144abdd2e8b58e7ffd) Importer(815301076,1909f56bfc062723c751e8b465ee728b)
Start importing Assets/TileMap/TileMap1/Tile002.asset using Guid(3709d94421f641144abdd2e8b58e7ffd) Importer(815301076,1909f56bfc062723c751e8b465ee728b)  -> (artifact id: '8cbc74405f32d9a595957731e1ea4629') in 0.203337 seconds 
========================================================================
Received Import Request.
  Time since last request: 0.000032 seconds.
  path: Assets/TileMap/TileMap1
  artifactKey: Guid(9488085d82d183941afc5a6f715cc962) Importer(815301076,1909f56bfc062723c751e8b465ee728b)
Start importing Assets/TileMap/TileMap1 using Guid(9488085d82d183941afc5a6f715cc962) Importer(815301076,1909f56bfc062723c751e8b465ee728b)  -> (artifact id: '2df93a11d08998fd17a3503c78b43ef5') in 0.001249 seconds 
========================================================================
Received Import Request.
  Time since last request: 0.000041 seconds.
  path: Assets/TileMap/TileMap1/Tile001.asset
  artifactKey: Guid(144092fbe5240614891ce7aaf70ee518) Importer(815301076,1909f56bfc062723c751e8b465ee728b)
Start importing Assets/TileMap/TileMap1/Tile001.asset using Guid(144092fbe5240614891ce7aaf70ee518) Importer(815301076,1909f56bfc062723c751e8b465ee728b)  -> (artifact id: 'cec0eea30d55219f5eddc79b8afdbf36') in 0.032368 seconds 
========================================================================
Received Import Request.
  Time since last request: 27.588350 seconds.
  path: Assets/TileMap/바닥Down.png
  artifactKey: Guid(72a42bb79a1642e4cabc64ad2d736ef2) Importer(815301076,1909f56bfc062723c751e8b465ee728b)
Start importing Assets/TileMap/바닥Down.png using Guid(72a42bb79a1642e4cabc64ad2d736ef2) Importer(815301076,1909f56bfc062723c751e8b465ee728b)  -> (artifact id: '106f7ae5591a0467b40f094d20000621') in 0.432857 seconds 
========================================================================
Received Import Request.
  Time since last request: 0.000059 seconds.
  path: Assets/TileMap/벽 Left.png
  artifactKey: Guid(8b1747b5c3e4af5429ceaf2a35a1c666) Importer(815301076,1909f56bfc062723c751e8b465ee728b)
Start importing Assets/TileMap/벽 Left.png using Guid(8b1747b5c3e4af5429ceaf2a35a1c666) Importer(815301076,1909f56bfc062723c751e8b465ee728b)  -> (artifact id: 'bf6a64dd95652857f2329a285a37caee') in 0.080922 seconds 
========================================================================
Received Import Request.
  Time since last request: 1.686288 seconds.
  path: Assets/TileMap/벽Right.png
  artifactKey: Guid(b98e6a1f2328f184e9ef6189f82a3057) Importer(815301076,1909f56bfc062723c751e8b465ee728b)
Start importing Assets/TileMap/벽Right.png using Guid(b98e6a1f2328f184e9ef6189f82a3057) Importer(815301076,1909f56bfc062723c751e8b465ee728b)  -> (artifact id: '47b08435d8ca870bdc93a64981ee4894') in 0.050069 seconds 
========================================================================
Received Import Request.
  Time since last request: 0.000123 seconds.
  path: Assets/TileMap/벽Up.png
  artifactKey: Guid(531183d1e10e1754fb1a81321a43b625) Importer(815301076,1909f56bfc062723c751e8b465ee728b)
Start importing Assets/TileMap/벽Up.png using Guid(531183d1e10e1754fb1a81321a43b625) Importer(815301076,1909f56bfc062723c751e8b465ee728b)  -> (artifact id: '9c7331ad76c9434f6bf10d1b1bed68e1') in 0.046151 seconds 
========================================================================
Received Import Request.
  Time since last request: 0.000045 seconds.
  path: Assets/TileMap/벽UpR.png
  artifactKey: Guid(17560ee36ac99a14d995661c53b18cdf) Importer(815301076,1909f56bfc062723c751e8b465ee728b)
Start importing Assets/TileMap/벽UpR.png using Guid(17560ee36ac99a14d995661c53b18cdf) Importer(815301076,1909f56bfc062723c751e8b465ee728b)  -> (artifact id: '86db4974bc57c86e118b402394818d63') in 0.039334 seconds 
========================================================================
Received Import Request.
  Time since last request: 0.000054 seconds.
  path: Assets/TileMap/벽UpL.png
  artifactKey: Guid(65ce4236ac4415c438977ff8b867e327) Importer(815301076,1909f56bfc062723c751e8b465ee728b)
Start importing Assets/TileMap/벽UpL.png using Guid(65ce4236ac4415c438977ff8b867e327) Importer(815301076,1909f56bfc062723c751e8b465ee728b)  -> (artifact id: '5efdcf9643fe30a14e23cdf1dbeb7690') in 0.030636 seconds 
========================================================================
Received Import Request.
  Time since last request: 7.071749 seconds.
  path: Assets/TileMap/Dr.House
  artifactKey: Guid(9470e598aad63f4449f4608ce7ebaa8e) Importer(815301076,1909f56bfc062723c751e8b465ee728b)
Start importing Assets/TileMap/Dr.House using Guid(9470e598aad63f4449f4608ce7ebaa8e) Importer(815301076,1909f56bfc062723c751e8b465ee728b)  -> (artifact id: '26312b462231a18e8811e1b451e44d4e') in 0.004706 seconds 
========================================================================
Received Import Request.
  Time since last request: 29.343257 seconds.
  path: Assets/TileMap/바닥Down.png
  artifactKey: Guid(72a42bb79a1642e4cabc64ad2d736ef2) Importer(815301076,1909f56bfc062723c751e8b465ee728b)
Start importing Assets/TileMap/바닥Down.png using Guid(72a42bb79a1642e4cabc64ad2d736ef2) Importer(815301076,1909f56bfc062723c751e8b465ee728b)  -> (artifact id: '1bc6e8f3465b542b92a5fa079dbbe717') in 0.061166 seconds 
========================================================================
Received Import Request.
  Time since last request: 0.000058 seconds.
  path: Assets/TileMap/벽Up.png
  artifactKey: Guid(531183d1e10e1754fb1a81321a43b625) Importer(815301076,1909f56bfc062723c751e8b465ee728b)
Start importing Assets/TileMap/벽Up.png using Guid(531183d1e10e1754fb1a81321a43b625) Importer(815301076,1909f56bfc062723c751e8b465ee728b)  -> (artifact id: '9955e5d5db2fc748a4a7fcacbf2b33ef') in 0.034108 seconds 
========================================================================
Received Import Request.
  Time since last request: 0.000065 seconds.
  path: Assets/TileMap/벽UpR.png
  artifactKey: Guid(17560ee36ac99a14d995661c53b18cdf) Importer(815301076,1909f56bfc062723c751e8b465ee728b)
Start importing Assets/TileMap/벽UpR.png using Guid(17560ee36ac99a14d995661c53b18cdf) Importer(815301076,1909f56bfc062723c751e8b465ee728b)  -> (artifact id: '24a71e948bdf0160fa43ba87aad438d9') in 0.029797 seconds 
========================================================================
Received Import Request.
  Time since last request: 0.000046 seconds.
  path: Assets/TileMap/벽UpL.png
  artifactKey: Guid(65ce4236ac4415c438977ff8b867e327) Importer(815301076,1909f56bfc062723c751e8b465ee728b)
Start importing Assets/TileMap/벽UpL.png using Guid(65ce4236ac4415c438977ff8b867e327) Importer(815301076,1909f56bfc062723c751e8b465ee728b)  -> (artifact id: '4fcd2f67b777baf858eff94680196937') in 0.031615 seconds 
========================================================================
Received Import Request.
  Time since last request: 0.000058 seconds.
  path: Assets/TileMap/벽Right.png
  artifactKey: Guid(b98e6a1f2328f184e9ef6189f82a3057) Importer(815301076,1909f56bfc062723c751e8b465ee728b)
Start importing Assets/TileMap/벽Right.png using Guid(b98e6a1f2328f184e9ef6189f82a3057) Importer(815301076,1909f56bfc062723c751e8b465ee728b)  -> (artifact id: '39a2dd59ae8950562629285b40d08693') in 0.032850 seconds 
========================================================================
Received Import Request.
  Time since last request: 0.000042 seconds.
  path: Assets/TileMap/벽 Left.png
  artifactKey: Guid(8b1747b5c3e4af5429ceaf2a35a1c666) Importer(815301076,1909f56bfc062723c751e8b465ee728b)
Start importing Assets/TileMap/벽 Left.png using Guid(8b1747b5c3e4af5429ceaf2a35a1c666) Importer(815301076,1909f56bfc062723c751e8b465ee728b)  -> (artifact id: '39b48ab57b28fe597bbdf904f7b563a1') in 0.024253 seconds 
========================================================================
Received Prepare
Registering precompiled user dll's ...
Registered in 0.006735 seconds.
Begin MonoManager ReloadAssembly
Symbol file LoadedFromMemory doesn't match image D:\Unity\HoondoStudio\Library\PackageCache\com.unity.visualscripting@1.8.0\Editor\VisualScripting.Core\Dependencies\YamlDotNet\Unity.VisualScripting.YamlDotNet.dll
Symbol file LoadedFromMemory doesn't match image D:\Unity\HoondoStudio\Library\PackageCache\com.unity.visualscripting@1.8.0\Editor\VisualScripting.Core\Dependencies\DotNetZip\Unity.VisualScripting.IonicZip.dll
Native extension for WindowsStandalone target not found
Native extension for WebGL target not found
Refreshing native plugins compatible for Editor in 4.12 ms, found 3 plugins.
Preloading 0 native plugins for Editor in 0.00 ms.
Mono: successfully reloaded assembly
- Completed reload, in  6.210 seconds
Domain Reload Profiling:
	ReloadAssembly (6213ms)
		BeginReloadAssembly (271ms)
			ExecutionOrderSort (0ms)
			DisableScriptedObjects (15ms)
			BackupInstance (0ms)
			ReleaseScriptingObjects (0ms)
			CreateAndSetChildDomain (72ms)
		EndReloadAssembly (5672ms)
			LoadAssemblies (189ms)
			RebuildTransferFunctionScriptingTraits (0ms)
			SetupTypeCache (1501ms)
			ReleaseScriptCaches (3ms)
			RebuildScriptCaches (458ms)
			SetupLoadedEditorAssemblies (2800ms)
				LogAssemblyErrors (0ms)
				InitializePlatformSupportModulesInManaged (63ms)
				SetLoadedEditorAssemblies (2ms)
				RefreshPlugins (4ms)
				BeforeProcessingInitializeOnLoad (446ms)
				ProcessInitializeOnLoadAttributes (2040ms)
				ProcessInitializeOnLoadMethodAttributes (227ms)
				AfterProcessingInitializeOnLoad (17ms)
				EditorAssembliesLoaded (0ms)
			ExecutionOrderSort2 (0ms)
			AwakeInstancesAfterBackupRestoration (59ms)
Platform modules already initialized, skipping
Refreshing native plugins compatible for Editor in 7.97 ms, found 3 plugins.
Preloading 0 native plugins for Editor in 0.00 ms.
Unloading 2969 Unused Serialized files (Serialized files now loaded: 0)
Unloading 14 unused Assets / (24.7 KB). Loaded Objects now: 3464.
Memory consumption went from 113.9 MB to 113.9 MB.
Total: 23.794900 ms (FindLiveObjects: 4.452900 ms CreateObjectMapping: 0.755300 ms MarkObjects: 18.539900 ms  DeleteObjects: 0.040500 ms)

AssetImportParameters requested are different than current active one (requested -> active):
  custom:video-decoder-ogg-theora: a1e56fd34408186e4bbccfd4996cb3dc -> 
  custom:container-muxer-webm: aa71ff27fc2769a1b78a27578f13a17b -> 
  custom:container-demuxer-webm: 4f35f7cbe854078d1ac9338744f61a02 -> 
  custom:video-encoder-webm-vp8: eb34c28f22e8b96e1ab97ce403110664 -> 
  custom:audio-encoder-webm-vorbis: bf7c407c2cedff20999df2af8eb42d56 -> 
  custom:framework-win-MediaFoundation: 216162199b28c13a410421893ffa2e32 -> 
  custom:container-demuxer-ogg: 62fdf1f143b41e24485cea50d1cbac27 -> 
  custom:video-decoder-webm-vp8: 9c59270c3fd7afecdb556c50c9e8de78 -> 
  custom:audio-decoder-ogg-vorbis: bf7c407c2cedff20999df2af8eb42d56 -> 
========================================================================
Received Import Request.
  Time since last request: 282.754352 seconds.
  path: Assets/TileMap/Dr.House/바닥.asset
  artifactKey: Guid(dbda830d3b48fcb42b69fcb446631899) Importer(815301076,1909f56bfc062723c751e8b465ee728b)
Start importing Assets/TileMap/Dr.House/바닥.asset using Guid(dbda830d3b48fcb42b69fcb446631899) Importer(815301076,1909f56bfc062723c751e8b465ee728b)  -> (artifact id: '77f01e32bf12967439b6b860a1b22daf') in 0.159352 seconds 
========================================================================
Received Import Request.
  Time since last request: 0.000222 seconds.
  path: Assets/TileMap/Dr.House/벽.asset
  artifactKey: Guid(a4c78d9074baa0c4f8102030b059d672) Importer(815301076,1909f56bfc062723c751e8b465ee728b)
Start importing Assets/TileMap/Dr.House/벽.asset using Guid(a4c78d9074baa0c4f8102030b059d672) Importer(815301076,1909f56bfc062723c751e8b465ee728b)  -> (artifact id: '2b205600f8226ba1d67f0819abe74779') in 0.017383 seconds 
========================================================================
Received Import Request.
  Time since last request: 0.000069 seconds.
  path: Assets/TileMap/Dr.House/벽UpR.asset
  artifactKey: Guid(81419547f2a96254499f77477648220f) Importer(815301076,1909f56bfc062723c751e8b465ee728b)
Start importing Assets/TileMap/Dr.House/벽UpR.asset using Guid(81419547f2a96254499f77477648220f) Importer(815301076,1909f56bfc062723c751e8b465ee728b)  -> (artifact id: 'c56f0a08ae922b61328813ed3c9d83f2') in 0.013840 seconds 
========================================================================
Received Import Request.
  Time since last request: 0.000040 seconds.
  path: Assets/TileMap/Dr.House/벽Right.asset
  artifactKey: Guid(b676924d22858674b8d06ab10457bfa4) Importer(815301076,1909f56bfc062723c751e8b465ee728b)
Start importing Assets/TileMap/Dr.House/벽Right.asset using Guid(b676924d22858674b8d06ab10457bfa4) Importer(815301076,1909f56bfc062723c751e8b465ee728b)  -> (artifact id: '2e4bfa7336bd97f563a8518a8d712953') in 0.011876 seconds 
========================================================================
Received Import Request.
  Time since last request: 0.000037 seconds.
  path: Assets/TileMap/Dr.House/벽 Left.asset
  artifactKey: Guid(781be4db625b2d9459045a8695c1a789) Importer(815301076,1909f56bfc062723c751e8b465ee728b)
Start importing Assets/TileMap/Dr.House/벽 Left.asset using Guid(781be4db625b2d9459045a8695c1a789) Importer(815301076,1909f56bfc062723c751e8b465ee728b)  -> (artifact id: '44cd18cfdc75d5cb97bd2dfca989fa88') in 0.022181 seconds 
========================================================================
Received Import Request.
  Time since last request: 0.000029 seconds.
  path: Assets/TileMap/Dr.House/벽Up.asset
  artifactKey: Guid(47f73a8ed4369584fa1a008f674b8e11) Importer(815301076,1909f56bfc062723c751e8b465ee728b)
Start importing Assets/TileMap/Dr.House/벽Up.asset using Guid(47f73a8ed4369584fa1a008f674b8e11) Importer(815301076,1909f56bfc062723c751e8b465ee728b)  -> (artifact id: '78cdf1c44fda84d1e7bf9237b1f830db') in 0.015536 seconds 
========================================================================
Received Import Request.
  Time since last request: 0.000030 seconds.
  path: Assets/TileMap/Dr.House/바닥Down.asset
  artifactKey: Guid(bff72daf6c3b5a843be7e74aa47dda7b) Importer(815301076,1909f56bfc062723c751e8b465ee728b)
Start importing Assets/TileMap/Dr.House/바닥Down.asset using Guid(bff72daf6c3b5a843be7e74aa47dda7b) Importer(815301076,1909f56bfc062723c751e8b465ee728b)  -> (artifact id: '38f9a4d5e06d2ec44573f706e8c83e55') in 0.024459 seconds 
========================================================================
Received Import Request.
  Time since last request: 0.000046 seconds.
  path: Assets/TileMap/Dr.House/벽UpL.asset
  artifactKey: Guid(585dc925928b8d74999301fb916a5261) Importer(815301076,1909f56bfc062723c751e8b465ee728b)
Start importing Assets/TileMap/Dr.House/벽UpL.asset using Guid(585dc925928b8d74999301fb916a5261) Importer(815301076,1909f56bfc062723c751e8b465ee728b)  -> (artifact id: 'f154d801bb273c10ec9bec78ea0679fd') in 0.077748 seconds 
========================================================================
Received Import Request.
  Time since last request: 465.507077 seconds.
  path: Assets/TileMap/TileMap1/Palette1.prefab
  artifactKey: Guid(a8380574cf8eb7e4b84044d537f00d39) Importer(815301076,1909f56bfc062723c751e8b465ee728b)
Start importing Assets/TileMap/TileMap1/Palette1.prefab using Guid(a8380574cf8eb7e4b84044d537f00d39) Importer(815301076,1909f56bfc062723c751e8b465ee728b)  -> (artifact id: '0c51adb97a50769bfb90e165972a78a0') in 0.142129 seconds 
========================================================================
Received Import Request.
  Time since last request: 0.000062 seconds.
  path: Assets/TileMap/TileMap1/Tile002.asset
  artifactKey: Guid(3709d94421f641144abdd2e8b58e7ffd) Importer(815301076,1909f56bfc062723c751e8b465ee728b)
Start importing Assets/TileMap/TileMap1/Tile002.asset using Guid(3709d94421f641144abdd2e8b58e7ffd) Importer(815301076,1909f56bfc062723c751e8b465ee728b)  -> (artifact id: 'a9459fb947f813d985ec55620d24a970') in 0.008731 seconds 
========================================================================
Received Import Request.
  Time since last request: 0.000073 seconds.
  path: Assets/TileMap/TileMap1/Tile001.asset
  artifactKey: Guid(144092fbe5240614891ce7aaf70ee518) Importer(815301076,1909f56bfc062723c751e8b465ee728b)
Start importing Assets/TileMap/TileMap1/Tile001.asset using Guid(144092fbe5240614891ce7aaf70ee518) Importer(815301076,1909f56bfc062723c751e8b465ee728b)  -> (artifact id: '7dbfd09324c362e941c9a2b22943d550') in 0.006221 seconds 
========================================================================
Received Import Request.
  Time since last request: 21.576759 seconds.
  path: Assets/TileMap/Dr.House/바닥.png
  artifactKey: Guid(57c85b0ef3efd0146952f2f760298d5f) Importer(815301076,1909f56bfc062723c751e8b465ee728b)
Start importing Assets/TileMap/Dr.House/바닥.png using Guid(57c85b0ef3efd0146952f2f760298d5f) Importer(815301076,1909f56bfc062723c751e8b465ee728b)  -> (artifact id: 'fda24399e1a0a608a49b8140cda7cbee') in 0.082154 seconds 
========================================================================
Received Import Request.
  Time since last request: 0.000048 seconds.
  path: Assets/TileMap/Dr.House/바닥DownR.png
  artifactKey: Guid(39eed6228e0d0da47980a7c27c7548b6) Importer(815301076,1909f56bfc062723c751e8b465ee728b)
Start importing Assets/TileMap/Dr.House/바닥DownR.png using Guid(39eed6228e0d0da47980a7c27c7548b6) Importer(815301076,1909f56bfc062723c751e8b465ee728b)  -> (artifact id: '0c09e59c8206270ef9bda8d82f18986c') in 0.032599 seconds 
========================================================================
Received Import Request.
  Time since last request: 0.000064 seconds.
  path: Assets/TileMap/Dr.House/바닥DownL.png
  artifactKey: Guid(f4a790267cf36d94890f889dbd0b137d) Importer(815301076,1909f56bfc062723c751e8b465ee728b)
Start importing Assets/TileMap/Dr.House/바닥DownL.png using Guid(f4a790267cf36d94890f889dbd0b137d) Importer(815301076,1909f56bfc062723c751e8b465ee728b)  -> (artifact id: '13768102b61db7ddbd2b82f22a7c4dc6') in 0.025307 seconds 
========================================================================
Received Import Request.
  Time since last request: 0.000097 seconds.
  path: Assets/TileMap/Dr.House/벽Up.png
  artifactKey: Guid(531183d1e10e1754fb1a81321a43b625) Importer(815301076,1909f56bfc062723c751e8b465ee728b)
Start importing Assets/TileMap/Dr.House/벽Up.png using Guid(531183d1e10e1754fb1a81321a43b625) Importer(815301076,1909f56bfc062723c751e8b465ee728b)  -> (artifact id: '8364c57d0d601b37b12fbabe8c88702b') in 0.011631 seconds 
========================================================================
Received Import Request.
  Time since last request: 0.000032 seconds.
  path: Assets/TileMap/Dr.House/벽.png
  artifactKey: Guid(a8ae134dd6b7ed44b923b2e29da5024f) Importer(815301076,1909f56bfc062723c751e8b465ee728b)
Start importing Assets/TileMap/Dr.House/벽.png using Guid(a8ae134dd6b7ed44b923b2e29da5024f) Importer(815301076,1909f56bfc062723c751e8b465ee728b)  -> (artifact id: 'c4b9f5690ab9ccc04253a00a66551a59') in 0.010709 seconds 
========================================================================
Received Import Request.
  Time since last request: 118.234814 seconds.
  path: Assets/TileMap/Dr.House/바닥.png
  artifactKey: Guid(57c85b0ef3efd0146952f2f760298d5f) Importer(815301076,1909f56bfc062723c751e8b465ee728b)
Start importing Assets/TileMap/Dr.House/바닥.png using Guid(57c85b0ef3efd0146952f2f760298d5f) Importer(815301076,1909f56bfc062723c751e8b465ee728b)  -> (artifact id: '4d419d2714e954ac3826ef9916ee7b39') in 0.024257 seconds 
========================================================================
Received Import Request.
  Time since last request: 0.000044 seconds.
  path: Assets/TileMap/Dr.House/바닥DownR.png
  artifactKey: Guid(39eed6228e0d0da47980a7c27c7548b6) Importer(815301076,1909f56bfc062723c751e8b465ee728b)
Start importing Assets/TileMap/Dr.House/바닥DownR.png using Guid(39eed6228e0d0da47980a7c27c7548b6) Importer(815301076,1909f56bfc062723c751e8b465ee728b)  -> (artifact id: 'bc0c5fd0eac0e2a1e2bb165a14c4d149') in 0.078424 seconds 
========================================================================
Received Import Request.
  Time since last request: 0.000065 seconds.
  path: Assets/TileMap/Dr.House/바닥DownL.png
  artifactKey: Guid(f4a790267cf36d94890f889dbd0b137d) Importer(815301076,1909f56bfc062723c751e8b465ee728b)
Start importing Assets/TileMap/Dr.House/바닥DownL.png using Guid(f4a790267cf36d94890f889dbd0b137d) Importer(815301076,1909f56bfc062723c751e8b465ee728b)  -> (artifact id: '14158b3be82d69d501896a2d8227b9d8') in 0.039373 seconds 
========================================================================
Received Import Request.
  Time since last request: 0.000075 seconds.
  path: Assets/TileMap/Dr.House/벽Up.png
  artifactKey: Guid(531183d1e10e1754fb1a81321a43b625) Importer(815301076,1909f56bfc062723c751e8b465ee728b)
Start importing Assets/TileMap/Dr.House/벽Up.png using Guid(531183d1e10e1754fb1a81321a43b625) Importer(815301076,1909f56bfc062723c751e8b465ee728b)  -> (artifact id: 'aa7ae0f206af05dfc26b900a93ba8f5b') in 0.039282 seconds 
========================================================================
Received Import Request.
  Time since last request: 0.000063 seconds.
  path: Assets/TileMap/Dr.House/벽.png
  artifactKey: Guid(a8ae134dd6b7ed44b923b2e29da5024f) Importer(815301076,1909f56bfc062723c751e8b465ee728b)
Start importing Assets/TileMap/Dr.House/벽.png using Guid(a8ae134dd6b7ed44b923b2e29da5024f) Importer(815301076,1909f56bfc062723c751e8b465ee728b)  -> (artifact id: '7965fa30118b098f213585f24af12237') in 0.045989 seconds 
========================================================================
Received Import Request.
  Time since last request: 7.697179 seconds.
  path: Assets/TileMap/Dr.House/바닥.png
  artifactKey: Guid(57c85b0ef3efd0146952f2f760298d5f) Importer(815301076,1909f56bfc062723c751e8b465ee728b)
Start importing Assets/TileMap/Dr.House/바닥.png using Guid(57c85b0ef3efd0146952f2f760298d5f) Importer(815301076,1909f56bfc062723c751e8b465ee728b)  -> (artifact id: '95950196de2495420d2ad811a01f8b2d') in 0.036327 seconds 
========================================================================
Received Import Request.
  Time since last request: 0.000026 seconds.
  path: Assets/TileMap/Dr.House/바닥DownR.png
  artifactKey: Guid(39eed6228e0d0da47980a7c27c7548b6) Importer(815301076,1909f56bfc062723c751e8b465ee728b)
Start importing Assets/TileMap/Dr.House/바닥DownR.png using Guid(39eed6228e0d0da47980a7c27c7548b6) Importer(815301076,1909f56bfc062723c751e8b465ee728b)  -> (artifact id: '6c5ad11a606efd7d0f8cd2822f928036') in 0.018821 seconds 
========================================================================
Received Import Request.
  Time since last request: 0.000026 seconds.
  path: Assets/TileMap/Dr.House/바닥DownL.png
  artifactKey: Guid(f4a790267cf36d94890f889dbd0b137d) Importer(815301076,1909f56bfc062723c751e8b465ee728b)
Start importing Assets/TileMap/Dr.House/바닥DownL.png using Guid(f4a790267cf36d94890f889dbd0b137d) Importer(815301076,1909f56bfc062723c751e8b465ee728b)  -> (artifact id: 'a9575ef026725c97fcdd8cf29c777939') in 0.024540 seconds 
========================================================================
Received Import Request.
  Time since last request: 0.000078 seconds.
  path: Assets/TileMap/Dr.House/벽Up.png
  artifactKey: Guid(531183d1e10e1754fb1a81321a43b625) Importer(815301076,1909f56bfc062723c751e8b465ee728b)
Start importing Assets/TileMap/Dr.House/벽Up.png using Guid(531183d1e10e1754fb1a81321a43b625) Importer(815301076,1909f56bfc062723c751e8b465ee728b)  -> (artifact id: 'a24e04a397aa60e7cb0f4994c14e249c') in 0.034606 seconds 
========================================================================
Received Import Request.
  Time since last request: 0.000052 seconds.
  path: Assets/TileMap/Dr.House/벽UpR.png
  artifactKey: Guid(17560ee36ac99a14d995661c53b18cdf) Importer(815301076,1909f56bfc062723c751e8b465ee728b)
Start importing Assets/TileMap/Dr.House/벽UpR.png using Guid(17560ee36ac99a14d995661c53b18cdf) Importer(815301076,1909f56bfc062723c751e8b465ee728b)  -> (artifact id: 'e8c94051e285d97fa1858ba1b226528f') in 0.037964 seconds 
========================================================================
Received Import Request.
  Time since last request: 0.000033 seconds.
  path: Assets/TileMap/Dr.House/벽UpL.png
  artifactKey: Guid(65ce4236ac4415c438977ff8b867e327) Importer(815301076,1909f56bfc062723c751e8b465ee728b)
Start importing Assets/TileMap/Dr.House/벽UpL.png using Guid(65ce4236ac4415c438977ff8b867e327) Importer(815301076,1909f56bfc062723c751e8b465ee728b)  -> (artifact id: '31c57c1643e02bd35d6e00d247781785') in 0.035192 seconds 
========================================================================
Received Import Request.
  Time since last request: 0.000037 seconds.
  path: Assets/TileMap/Dr.House/벽.png
  artifactKey: Guid(a8ae134dd6b7ed44b923b2e29da5024f) Importer(815301076,1909f56bfc062723c751e8b465ee728b)
Start importing Assets/TileMap/Dr.House/벽.png using Guid(a8ae134dd6b7ed44b923b2e29da5024f) Importer(815301076,1909f56bfc062723c751e8b465ee728b)  -> (artifact id: 'f483b51bf0c5593979e610d4072b6ac1') in 0.064187 seconds 
========================================================================
Received Import Request.
  Time since last request: 0.000049 seconds.
  path: Assets/TileMap/Dr.House/벽Right.png
  artifactKey: Guid(b98e6a1f2328f184e9ef6189f82a3057) Importer(815301076,1909f56bfc062723c751e8b465ee728b)
Start importing Assets/TileMap/Dr.House/벽Right.png using Guid(b98e6a1f2328f184e9ef6189f82a3057) Importer(815301076,1909f56bfc062723c751e8b465ee728b)  -> (artifact id: '57cdec00216186af2c0b4732e736c077') in 0.082161 seconds 
========================================================================
Received Import Request.
  Time since last request: 0.000058 seconds.
  path: Assets/TileMap/Dr.House/바닥Down.png
  artifactKey: Guid(72a42bb79a1642e4cabc64ad2d736ef2) Importer(815301076,1909f56bfc062723c751e8b465ee728b)
Start importing Assets/TileMap/Dr.House/바닥Down.png using Guid(72a42bb79a1642e4cabc64ad2d736ef2) Importer(815301076,1909f56bfc062723c751e8b465ee728b)  -> (artifact id: 'a2f27a3b94168c8db4271861d311bb47') in 0.136158 seconds 
========================================================================
Received Import Request.
  Time since last request: 0.000034 seconds.
  path: Assets/TileMap/Dr.House/벽 Left.png
  artifactKey: Guid(8b1747b5c3e4af5429ceaf2a35a1c666) Importer(815301076,1909f56bfc062723c751e8b465ee728b)
Start importing Assets/TileMap/Dr.House/벽 Left.png using Guid(8b1747b5c3e4af5429ceaf2a35a1c666) Importer(815301076,1909f56bfc062723c751e8b465ee728b)  -> (artifact id: '12311cfecdc50263cfd9e6ddc68c4462') in 0.031738 seconds 
========================================================================
Received Import Request.
  Time since last request: 138.462974 seconds.
  path: Assets/TileMap/Dr.House/바닥Down 1.png
  artifactKey: Guid(f3f2936bde709a94c9cf3bddaf47e6d5) Importer(815301076,1909f56bfc062723c751e8b465ee728b)
Start importing Assets/TileMap/Dr.House/바닥Down 1.png using Guid(f3f2936bde709a94c9cf3bddaf47e6d5) Importer(815301076,1909f56bfc062723c751e8b465ee728b)  -> (artifact id: '563543f7f9d52aab5d203932c004f269') in 0.071320 seconds 
========================================================================
Received Import Request.
  Time since last request: 7.016132 seconds.
  path: Assets/TileMap/Dr.House/바닥Down.png
  artifactKey: Guid(f3f2936bde709a94c9cf3bddaf47e6d5) Importer(815301076,1909f56bfc062723c751e8b465ee728b)
Start importing Assets/TileMap/Dr.House/바닥Down.png using Guid(f3f2936bde709a94c9cf3bddaf47e6d5) Importer(815301076,1909f56bfc062723c751e8b465ee728b)  -> (artifact id: '01dae7e854ee339492f8ba6682fd37ab') in 0.034604 seconds 
========================================================================
Received Import Request.
  Time since last request: 8.609438 seconds.
  path: Assets/TileMap/Dr.House/바닥Down.png
  artifactKey: Guid(f3f2936bde709a94c9cf3bddaf47e6d5) Importer(815301076,1909f56bfc062723c751e8b465ee728b)
Start importing Assets/TileMap/Dr.House/바닥Down.png using Guid(f3f2936bde709a94c9cf3bddaf47e6d5) Importer(815301076,1909f56bfc062723c751e8b465ee728b)  -> (artifact id: 'ca34158dd415baa6cec54fe89c251e58') in 0.038755 seconds 
========================================================================
Received Prepare
Registering precompiled user dll's ...
Registered in 0.006442 seconds.
Begin MonoManager ReloadAssembly
Symbol file LoadedFromMemory doesn't match image D:\Unity\HoondoStudio\Library\PackageCache\com.unity.visualscripting@1.8.0\Editor\VisualScripting.Core\Dependencies\YamlDotNet\Unity.VisualScripting.YamlDotNet.dll
Symbol file LoadedFromMemory doesn't match image D:\Unity\HoondoStudio\Library\PackageCache\com.unity.visualscripting@1.8.0\Editor\VisualScripting.Core\Dependencies\DotNetZip\Unity.VisualScripting.IonicZip.dll
Native extension for WindowsStandalone target not found
Native extension for WebGL target not found
Refreshing native plugins compatible for Editor in 3.89 ms, found 3 plugins.
Preloading 0 native plugins for Editor in 0.00 ms.
Mono: successfully reloaded assembly
- Completed reload, in  7.048 seconds
Domain Reload Profiling:
	ReloadAssembly (7049ms)
		BeginReloadAssembly (314ms)
			ExecutionOrderSort (0ms)
			DisableScriptedObjects (34ms)
			BackupInstance (0ms)
			ReleaseScriptingObjects (0ms)
			CreateAndSetChildDomain (71ms)
		EndReloadAssembly (6343ms)
			LoadAssemblies (193ms)
			RebuildTransferFunctionScriptingTraits (0ms)
			SetupTypeCache (2370ms)
			ReleaseScriptCaches (15ms)
			RebuildScriptCaches (305ms)
			SetupLoadedEditorAssemblies (2929ms)
				LogAssemblyErrors (0ms)
				InitializePlatformSupportModulesInManaged (16ms)
				SetLoadedEditorAssemblies (2ms)
				RefreshPlugins (4ms)
				BeforeProcessingInitializeOnLoad (484ms)
				ProcessInitializeOnLoadAttributes (2188ms)
				ProcessInitializeOnLoadMethodAttributes (218ms)
				AfterProcessingInitializeOnLoad (17ms)
				EditorAssembliesLoaded (1ms)
			ExecutionOrderSort2 (0ms)
			AwakeInstancesAfterBackupRestoration (60ms)
Platform modules already initialized, skipping
Refreshing native plugins compatible for Editor in 12.56 ms, found 3 plugins.
Preloading 0 native plugins for Editor in 0.00 ms.
Unloading 2969 Unused Serialized files (Serialized files now loaded: 0)
Unloading 14 unused Assets / (24.7 KB). Loaded Objects now: 3489.
Memory consumption went from 114.0 MB to 114.0 MB.
Total: 13.015200 ms (FindLiveObjects: 0.678400 ms CreateObjectMapping: 0.401000 ms MarkObjects: 11.893100 ms  DeleteObjects: 0.041000 ms)

AssetImportParameters requested are different than current active one (requested -> active):
  custom:video-decoder-ogg-theora: a1e56fd34408186e4bbccfd4996cb3dc -> 
  custom:container-muxer-webm: aa71ff27fc2769a1b78a27578f13a17b -> 
  custom:container-demuxer-webm: 4f35f7cbe854078d1ac9338744f61a02 -> 
  custom:video-encoder-webm-vp8: eb34c28f22e8b96e1ab97ce403110664 -> 
  custom:audio-encoder-webm-vorbis: bf7c407c2cedff20999df2af8eb42d56 -> 
  custom:framework-win-MediaFoundation: 216162199b28c13a410421893ffa2e32 -> 
  custom:container-demuxer-ogg: 62fdf1f143b41e24485cea50d1cbac27 -> 
  custom:video-decoder-webm-vp8: 9c59270c3fd7afecdb556c50c9e8de78 -> 
  custom:audio-decoder-ogg-vorbis: bf7c407c2cedff20999df2af8eb42d56 -> 
========================================================================
Received Prepare
Registering precompiled user dll's ...
Registered in 0.005306 seconds.
Begin MonoManager ReloadAssembly
Symbol file LoadedFromMemory doesn't match image D:\Unity\HoondoStudio\Library\PackageCache\com.unity.visualscripting@1.8.0\Editor\VisualScripting.Core\Dependencies\YamlDotNet\Unity.VisualScripting.YamlDotNet.dll
Symbol file LoadedFromMemory doesn't match image D:\Unity\HoondoStudio\Library\PackageCache\com.unity.visualscripting@1.8.0\Editor\VisualScripting.Core\Dependencies\DotNetZip\Unity.VisualScripting.IonicZip.dll
Native extension for WindowsStandalone target not found
Native extension for WebGL target not found
Refreshing native plugins compatible for Editor in 2.19 ms, found 3 plugins.
Preloading 0 native plugins for Editor in 0.00 ms.
Mono: successfully reloaded assembly
- Completed reload, in  6.013 seconds
Domain Reload Profiling:
	ReloadAssembly (6017ms)
		BeginReloadAssembly (1338ms)
			ExecutionOrderSort (0ms)
			DisableScriptedObjects (111ms)
			BackupInstance (0ms)
			ReleaseScriptingObjects (0ms)
			CreateAndSetChildDomain (540ms)
		EndReloadAssembly (4007ms)
			LoadAssemblies (570ms)
			RebuildTransferFunctionScriptingTraits (0ms)
			SetupTypeCache (1528ms)
			ReleaseScriptCaches (4ms)
			RebuildScriptCaches (244ms)
			SetupLoadedEditorAssemblies (1627ms)
				LogAssemblyErrors (0ms)
				InitializePlatformSupportModulesInManaged (29ms)
				SetLoadedEditorAssemblies (2ms)
				RefreshPlugins (3ms)
				BeforeProcessingInitializeOnLoad (283ms)
				ProcessInitializeOnLoadAttributes (1097ms)
				ProcessInitializeOnLoadMethodAttributes (197ms)
				AfterProcessingInitializeOnLoad (15ms)
				EditorAssembliesLoaded (1ms)
			ExecutionOrderSort2 (0ms)
			AwakeInstancesAfterBackupRestoration (36ms)
Platform modules already initialized, skipping
Refreshing native plugins compatible for Editor in 6.93 ms, found 3 plugins.
Preloading 0 native plugins for Editor in 0.00 ms.
Unloading 2969 Unused Serialized files (Serialized files now loaded: 0)
Unloading 14 unused Assets / (24.7 KB). Loaded Objects now: 3492.
Memory consumption went from 114.0 MB to 114.0 MB.
Total: 19.244100 ms (FindLiveObjects: 0.681100 ms CreateObjectMapping: 0.668900 ms MarkObjects: 16.927600 ms  DeleteObjects: 0.964300 ms)

AssetImportParameters requested are different than current active one (requested -> active):
  custom:video-decoder-ogg-theora: a1e56fd34408186e4bbccfd4996cb3dc -> 
  custom:container-muxer-webm: aa71ff27fc2769a1b78a27578f13a17b -> 
  custom:container-demuxer-webm: 4f35f7cbe854078d1ac9338744f61a02 -> 
  custom:video-encoder-webm-vp8: eb34c28f22e8b96e1ab97ce403110664 -> 
  custom:audio-encoder-webm-vorbis: bf7c407c2cedff20999df2af8eb42d56 -> 
  custom:framework-win-MediaFoundation: 216162199b28c13a410421893ffa2e32 -> 
  custom:container-demuxer-ogg: 62fdf1f143b41e24485cea50d1cbac27 -> 
  custom:video-decoder-webm-vp8: 9c59270c3fd7afecdb556c50c9e8de78 -> 
  custom:audio-decoder-ogg-vorbis: bf7c407c2cedff20999df2af8eb42d56 -> 
========================================================================
Received Prepare
Registering precompiled user dll's ...
Registered in 0.004214 seconds.
Begin MonoManager ReloadAssembly
Symbol file LoadedFromMemory doesn't match image D:\Unity\HoondoStudio\Library\PackageCache\com.unity.visualscripting@1.8.0\Editor\VisualScripting.Core\Dependencies\YamlDotNet\Unity.VisualScripting.YamlDotNet.dll
Symbol file LoadedFromMemory doesn't match image D:\Unity\HoondoStudio\Library\PackageCache\com.unity.visualscripting@1.8.0\Editor\VisualScripting.Core\Dependencies\DotNetZip\Unity.VisualScripting.IonicZip.dll
Native extension for WindowsStandalone target not found
Native extension for WebGL target not found
Refreshing native plugins compatible for Editor in 0.95 ms, found 3 plugins.
Preloading 0 native plugins for Editor in 0.00 ms.
Mono: successfully reloaded assembly
- Completed reload, in  4.199 seconds
Domain Reload Profiling:
	ReloadAssembly (4200ms)
		BeginReloadAssembly (253ms)
			ExecutionOrderSort (0ms)
			DisableScriptedObjects (17ms)
			BackupInstance (0ms)
			ReleaseScriptingObjects (0ms)
			CreateAndSetChildDomain (56ms)
		EndReloadAssembly (3722ms)
			LoadAssemblies (170ms)
			RebuildTransferFunctionScriptingTraits (0ms)
			SetupTypeCache (1247ms)
			ReleaseScriptCaches (3ms)
			RebuildScriptCaches (291ms)
			SetupLoadedEditorAssemblies (1581ms)
				LogAssemblyErrors (0ms)
				InitializePlatformSupportModulesInManaged (29ms)
				SetLoadedEditorAssemblies (2ms)
				RefreshPlugins (1ms)
				BeforeProcessingInitializeOnLoad (272ms)
				ProcessInitializeOnLoadAttributes (1115ms)
				ProcessInitializeOnLoadMethodAttributes (145ms)
				AfterProcessingInitializeOnLoad (17ms)
				EditorAssembliesLoaded (1ms)
			ExecutionOrderSort2 (0ms)
			AwakeInstancesAfterBackupRestoration (36ms)
Platform modules already initialized, skipping
Refreshing native plugins compatible for Editor in 7.00 ms, found 3 plugins.
Preloading 0 native plugins for Editor in 0.00 ms.
Unloading 2969 Unused Serialized files (Serialized files now loaded: 0)
Unloading 14 unused Assets / (24.8 KB). Loaded Objects now: 3495.
Memory consumption went from 114.0 MB to 114.0 MB.
Total: 8.395300 ms (FindLiveObjects: 0.380500 ms CreateObjectMapping: 0.202400 ms MarkObjects: 7.767600 ms  DeleteObjects: 0.043100 ms)

AssetImportParameters requested are different than current active one (requested -> active):
  custom:video-decoder-ogg-theora: a1e56fd34408186e4bbccfd4996cb3dc -> 
  custom:container-muxer-webm: aa71ff27fc2769a1b78a27578f13a17b -> 
  custom:container-demuxer-webm: 4f35f7cbe854078d1ac9338744f61a02 -> 
  custom:video-encoder-webm-vp8: eb34c28f22e8b96e1ab97ce403110664 -> 
  custom:audio-encoder-webm-vorbis: bf7c407c2cedff20999df2af8eb42d56 -> 
  custom:framework-win-MediaFoundation: 216162199b28c13a410421893ffa2e32 -> 
  custom:container-demuxer-ogg: 62fdf1f143b41e24485cea50d1cbac27 -> 
  custom:video-decoder-webm-vp8: 9c59270c3fd7afecdb556c50c9e8de78 -> 
  custom:audio-decoder-ogg-vorbis: bf7c407c2cedff20999df2af8eb42d56 -> 
========================================================================
Received Prepare
Registering precompiled user dll's ...
Registered in 0.004238 seconds.
Begin MonoManager ReloadAssembly
Symbol file LoadedFromMemory doesn't match image D:\Unity\HoondoStudio\Library\PackageCache\com.unity.visualscripting@1.8.0\Editor\VisualScripting.Core\Dependencies\YamlDotNet\Unity.VisualScripting.YamlDotNet.dll
Symbol file LoadedFromMemory doesn't match image D:\Unity\HoondoStudio\Library\PackageCache\com.unity.visualscripting@1.8.0\Editor\VisualScripting.Core\Dependencies\DotNetZip\Unity.VisualScripting.IonicZip.dll
Native extension for WindowsStandalone target not found
Native extension for WebGL target not found
Refreshing native plugins compatible for Editor in 2.55 ms, found 3 plugins.
Preloading 0 native plugins for Editor in 0.00 ms.
Mono: successfully reloaded assembly
- Completed reload, in  3.985 seconds
Domain Reload Profiling:
	ReloadAssembly (3987ms)
		BeginReloadAssembly (265ms)
			ExecutionOrderSort (0ms)
			DisableScriptedObjects (14ms)
			BackupInstance (0ms)
			ReleaseScriptingObjects (0ms)
			CreateAndSetChildDomain (54ms)
		EndReloadAssembly (3502ms)
			LoadAssemblies (176ms)
			RebuildTransferFunctionScriptingTraits (0ms)
			SetupTypeCache (1051ms)
			ReleaseScriptCaches (3ms)
			RebuildScriptCaches (283ms)
			SetupLoadedEditorAssemblies (1586ms)
				LogAssemblyErrors (0ms)
				InitializePlatformSupportModulesInManaged (33ms)
				SetLoadedEditorAssemblies (8ms)
				RefreshPlugins (3ms)
				BeforeProcessingInitializeOnLoad (250ms)
				ProcessInitializeOnLoadAttributes (1124ms)
				ProcessInitializeOnLoadMethodAttributes (152ms)
				AfterProcessingInitializeOnLoad (16ms)
				EditorAssembliesLoaded (0ms)
			ExecutionOrderSort2 (0ms)
			AwakeInstancesAfterBackupRestoration (36ms)
Platform modules already initialized, skipping
Refreshing native plugins compatible for Editor in 7.17 ms, found 3 plugins.
Preloading 0 native plugins for Editor in 0.00 ms.
Unloading 2969 Unused Serialized files (Serialized files now loaded: 0)
Unloading 14 unused Assets / (24.7 KB). Loaded Objects now: 3498.
Memory consumption went from 114.0 MB to 114.0 MB.
Total: 7.716900 ms (FindLiveObjects: 0.478500 ms CreateObjectMapping: 0.279800 ms MarkObjects: 6.823600 ms  DeleteObjects: 0.132700 ms)

AssetImportParameters requested are different than current active one (requested -> active):
  custom:video-decoder-ogg-theora: a1e56fd34408186e4bbccfd4996cb3dc -> 
  custom:container-muxer-webm: aa71ff27fc2769a1b78a27578f13a17b -> 
  custom:container-demuxer-webm: 4f35f7cbe854078d1ac9338744f61a02 -> 
  custom:video-encoder-webm-vp8: eb34c28f22e8b96e1ab97ce403110664 -> 
  custom:audio-encoder-webm-vorbis: bf7c407c2cedff20999df2af8eb42d56 -> 
  custom:framework-win-MediaFoundation: 216162199b28c13a410421893ffa2e32 -> 
  custom:container-demuxer-ogg: 62fdf1f143b41e24485cea50d1cbac27 -> 
  custom:video-decoder-webm-vp8: 9c59270c3fd7afecdb556c50c9e8de78 -> 
  custom:audio-decoder-ogg-vorbis: bf7c407c2cedff20999df2af8eb42d56 -> 
========================================================================
Received Import Request.
  Time since last request: 61734.880939 seconds.
  path: ProjectSettings/TagManager.asset
  artifactKey: Guid(00000000000000003000000000000000) Importer(815301076,1909f56bfc062723c751e8b465ee728b)
Start importing ProjectSettings/TagManager.asset using Guid(00000000000000003000000000000000) Importer(815301076,1909f56bfc062723c751e8b465ee728b)  -> (artifact id: '776f0b54749611a6b5ff7a8980551639') in 0.037964 seconds 
========================================================================
Received Prepare
Registering precompiled user dll's ...
Registered in 0.004381 seconds.
Begin MonoManager ReloadAssembly
Symbol file LoadedFromMemory doesn't match image D:\Unity\HoondoStudio\Library\PackageCache\com.unity.visualscripting@1.8.0\Editor\VisualScripting.Core\Dependencies\YamlDotNet\Unity.VisualScripting.YamlDotNet.dll
Symbol file LoadedFromMemory doesn't match image D:\Unity\HoondoStudio\Library\PackageCache\com.unity.visualscripting@1.8.0\Editor\VisualScripting.Core\Dependencies\DotNetZip\Unity.VisualScripting.IonicZip.dll
Native extension for WindowsStandalone target not found
Native extension for WebGL target not found
Refreshing native plugins compatible for Editor in 1.79 ms, found 3 plugins.
Preloading 0 native plugins for Editor in 0.00 ms.
Mono: successfully reloaded assembly
- Completed reload, in  4.165 seconds
Domain Reload Profiling:
	ReloadAssembly (4168ms)
		BeginReloadAssembly (277ms)
			ExecutionOrderSort (0ms)
			DisableScriptedObjects (18ms)
			BackupInstance (0ms)
			ReleaseScriptingObjects (0ms)
			CreateAndSetChildDomain (63ms)
		EndReloadAssembly (3685ms)
			LoadAssemblies (172ms)
			RebuildTransferFunctionScriptingTraits (0ms)
			SetupTypeCache (753ms)
			ReleaseScriptCaches (3ms)
			RebuildScriptCaches (260ms)
			SetupLoadedEditorAssemblies (2009ms)
				LogAssemblyErrors (0ms)
				InitializePlatformSupportModulesInManaged (34ms)
				SetLoadedEditorAssemblies (3ms)
				RefreshPlugins (2ms)
				BeforeProcessingInitializeOnLoad (360ms)
				ProcessInitializeOnLoadAttributes (1412ms)
				ProcessInitializeOnLoadMethodAttributes (178ms)
				AfterProcessingInitializeOnLoad (19ms)
				EditorAssembliesLoaded (1ms)
			ExecutionOrderSort2 (0ms)
			AwakeInstancesAfterBackupRestoration (40ms)
Platform modules already initialized, skipping
Refreshing native plugins compatible for Editor in 3.32 ms, found 3 plugins.
Preloading 0 native plugins for Editor in 0.00 ms.
Unloading 2969 Unused Serialized files (Serialized files now loaded: 0)
Unloading 15 unused Assets / (24.8 KB). Loaded Objects now: 3501.
Memory consumption went from 114.0 MB to 114.0 MB.
Total: 10.195200 ms (FindLiveObjects: 0.436900 ms CreateObjectMapping: 0.404100 ms MarkObjects: 9.308600 ms  DeleteObjects: 0.043900 ms)

AssetImportParameters requested are different than current active one (requested -> active):
  custom:video-decoder-ogg-theora: a1e56fd34408186e4bbccfd4996cb3dc -> 
  custom:container-muxer-webm: aa71ff27fc2769a1b78a27578f13a17b -> 
  custom:container-demuxer-webm: 4f35f7cbe854078d1ac9338744f61a02 -> 
  custom:video-encoder-webm-vp8: eb34c28f22e8b96e1ab97ce403110664 -> 
  custom:audio-encoder-webm-vorbis: bf7c407c2cedff20999df2af8eb42d56 -> 
  custom:framework-win-MediaFoundation: 216162199b28c13a410421893ffa2e32 -> 
  custom:container-demuxer-ogg: 62fdf1f143b41e24485cea50d1cbac27 -> 
  custom:video-decoder-webm-vp8: 9c59270c3fd7afecdb556c50c9e8de78 -> 
  custom:audio-decoder-ogg-vorbis: bf7c407c2cedff20999df2af8eb42d56 -> 
========================================================================
Received Prepare
Registering precompiled user dll's ...
Registered in 0.006862 seconds.
Begin MonoManager ReloadAssembly
Symbol file LoadedFromMemory doesn't match image D:\Unity\HoondoStudio\Library\PackageCache\com.unity.visualscripting@1.8.0\Editor\VisualScripting.Core\Dependencies\YamlDotNet\Unity.VisualScripting.YamlDotNet.dll
Symbol file LoadedFromMemory doesn't match image D:\Unity\HoondoStudio\Library\PackageCache\com.unity.visualscripting@1.8.0\Editor\VisualScripting.Core\Dependencies\DotNetZip\Unity.VisualScripting.IonicZip.dll
Native extension for WindowsStandalone target not found
Native extension for WebGL target not found
Refreshing native plugins compatible for Editor in 1.01 ms, found 3 plugins.
Preloading 0 native plugins for Editor in 0.00 ms.
Mono: successfully reloaded assembly
- Completed reload, in  3.707 seconds
Domain Reload Profiling:
	ReloadAssembly (3709ms)
		BeginReloadAssembly (247ms)
			ExecutionOrderSort (0ms)
			DisableScriptedObjects (14ms)
			BackupInstance (0ms)
			ReleaseScriptingObjects (0ms)
			CreateAndSetChildDomain (55ms)
		EndReloadAssembly (3231ms)
			LoadAssemblies (181ms)
			RebuildTransferFunctionScriptingTraits (0ms)
			SetupTypeCache (638ms)
			ReleaseScriptCaches (5ms)
			RebuildScriptCaches (255ms)
			SetupLoadedEditorAssemblies (1727ms)
				LogAssemblyErrors (0ms)
				InitializePlatformSupportModulesInManaged (38ms)
				SetLoadedEditorAssemblies (2ms)
				RefreshPlugins (1ms)
				BeforeProcessingInitializeOnLoad (300ms)
				ProcessInitializeOnLoadAttributes (1198ms)
				ProcessInitializeOnLoadMethodAttributes (167ms)
				AfterProcessingInitializeOnLoad (20ms)
				EditorAssembliesLoaded (0ms)
			ExecutionOrderSort2 (0ms)
			AwakeInstancesAfterBackupRestoration (39ms)
Platform modules already initialized, skipping
Refreshing native plugins compatible for Editor in 15.09 ms, found 3 plugins.
Preloading 0 native plugins for Editor in 0.00 ms.
Unloading 2969 Unused Serialized files (Serialized files now loaded: 0)
Unloading 14 unused Assets / (24.7 KB). Loaded Objects now: 3504.
Memory consumption went from 114.0 MB to 114.0 MB.
Total: 9.808300 ms (FindLiveObjects: 0.749800 ms CreateObjectMapping: 0.585300 ms MarkObjects: 8.421800 ms  DeleteObjects: 0.046300 ms)

AssetImportParameters requested are different than current active one (requested -> active):
  custom:video-decoder-ogg-theora: a1e56fd34408186e4bbccfd4996cb3dc -> 
  custom:container-muxer-webm: aa71ff27fc2769a1b78a27578f13a17b -> 
  custom:container-demuxer-webm: 4f35f7cbe854078d1ac9338744f61a02 -> 
  custom:video-encoder-webm-vp8: eb34c28f22e8b96e1ab97ce403110664 -> 
  custom:audio-encoder-webm-vorbis: bf7c407c2cedff20999df2af8eb42d56 -> 
  custom:framework-win-MediaFoundation: 216162199b28c13a410421893ffa2e32 -> 
  custom:container-demuxer-ogg: 62fdf1f143b41e24485cea50d1cbac27 -> 
  custom:video-decoder-webm-vp8: 9c59270c3fd7afecdb556c50c9e8de78 -> 
  custom:audio-decoder-ogg-vorbis: bf7c407c2cedff20999df2af8eb42d56 -> 
========================================================================
Received Prepare
Registering precompiled user dll's ...
Registered in 0.006453 seconds.
Begin MonoManager ReloadAssembly
Symbol file LoadedFromMemory doesn't match image D:\Unity\HoondoStudio\Library\PackageCache\com.unity.visualscripting@1.8.0\Editor\VisualScripting.Core\Dependencies\YamlDotNet\Unity.VisualScripting.YamlDotNet.dll
Symbol file LoadedFromMemory doesn't match image D:\Unity\HoondoStudio\Library\PackageCache\com.unity.visualscripting@1.8.0\Editor\VisualScripting.Core\Dependencies\DotNetZip\Unity.VisualScripting.IonicZip.dll
Native extension for WindowsStandalone target not found
Native extension for WebGL target not found
Refreshing native plugins compatible for Editor in 1.62 ms, found 3 plugins.
Preloading 0 native plugins for Editor in 0.00 ms.
Mono: successfully reloaded assembly
- Completed reload, in  3.628 seconds
Domain Reload Profiling:
	ReloadAssembly (3630ms)
		BeginReloadAssembly (253ms)
			ExecutionOrderSort (0ms)
			DisableScriptedObjects (17ms)
			BackupInstance (0ms)
			ReleaseScriptingObjects (0ms)
			CreateAndSetChildDomain (55ms)
		EndReloadAssembly (3169ms)
			LoadAssemblies (166ms)
			RebuildTransferFunctionScriptingTraits (0ms)
			SetupTypeCache (548ms)
			ReleaseScriptCaches (2ms)
			RebuildScriptCaches (177ms)
			SetupLoadedEditorAssemblies (1870ms)
				LogAssemblyErrors (0ms)
				InitializePlatformSupportModulesInManaged (40ms)
				SetLoadedEditorAssemblies (3ms)
				RefreshPlugins (2ms)
				BeforeProcessingInitializeOnLoad (448ms)
				ProcessInitializeOnLoadAttributes (1225ms)
				ProcessInitializeOnLoadMethodAttributes (139ms)
				AfterProcessingInitializeOnLoad (13ms)
				EditorAssembliesLoaded (0ms)
			ExecutionOrderSort2 (0ms)
			AwakeInstancesAfterBackupRestoration (20ms)
Platform modules already initialized, skipping
Refreshing native plugins compatible for Editor in 6.64 ms, found 3 plugins.
Preloading 0 native plugins for Editor in 0.00 ms.
Unloading 2969 Unused Serialized files (Serialized files now loaded: 0)
Unloading 14 unused Assets / (24.7 KB). Loaded Objects now: 3507.
Memory consumption went from 114.0 MB to 114.0 MB.
Total: 11.077100 ms (FindLiveObjects: 0.728900 ms CreateObjectMapping: 0.769800 ms MarkObjects: 9.539400 ms  DeleteObjects: 0.036700 ms)

AssetImportParameters requested are different than current active one (requested -> active):
  custom:video-decoder-ogg-theora: a1e56fd34408186e4bbccfd4996cb3dc -> 
  custom:container-muxer-webm: aa71ff27fc2769a1b78a27578f13a17b -> 
  custom:container-demuxer-webm: 4f35f7cbe854078d1ac9338744f61a02 -> 
  custom:video-encoder-webm-vp8: eb34c28f22e8b96e1ab97ce403110664 -> 
  custom:audio-encoder-webm-vorbis: bf7c407c2cedff20999df2af8eb42d56 -> 
  custom:framework-win-MediaFoundation: 216162199b28c13a410421893ffa2e32 -> 
  custom:container-demuxer-ogg: 62fdf1f143b41e24485cea50d1cbac27 -> 
  custom:video-decoder-webm-vp8: 9c59270c3fd7afecdb556c50c9e8de78 -> 
  custom:audio-decoder-ogg-vorbis: bf7c407c2cedff20999df2af8eb42d56 -> 
========================================================================
Received Prepare
Registering precompiled user dll's ...
Registered in 0.006682 seconds.
Begin MonoManager ReloadAssembly
Symbol file LoadedFromMemory doesn't match image D:\Unity\HoondoStudio\Library\PackageCache\com.unity.visualscripting@1.8.0\Editor\VisualScripting.Core\Dependencies\YamlDotNet\Unity.VisualScripting.YamlDotNet.dll
Symbol file LoadedFromMemory doesn't match image D:\Unity\HoondoStudio\Library\PackageCache\com.unity.visualscripting@1.8.0\Editor\VisualScripting.Core\Dependencies\DotNetZip\Unity.VisualScripting.IonicZip.dll
Native extension for WindowsStandalone target not found
Native extension for WebGL target not found
Refreshing native plugins compatible for Editor in 4.69 ms, found 3 plugins.
Preloading 0 native plugins for Editor in 0.00 ms.
Mono: successfully reloaded assembly
- Completed reload, in  3.655 seconds
Domain Reload Profiling:
	ReloadAssembly (3656ms)
		BeginReloadAssembly (255ms)
			ExecutionOrderSort (0ms)
			DisableScriptedObjects (18ms)
			BackupInstance (0ms)
			ReleaseScriptingObjects (0ms)
			CreateAndSetChildDomain (60ms)
		EndReloadAssembly (3175ms)
			LoadAssemblies (164ms)
			RebuildTransferFunctionScriptingTraits (0ms)
			SetupTypeCache (563ms)
			ReleaseScriptCaches (6ms)
			RebuildScriptCaches (269ms)
			SetupLoadedEditorAssemblies (1813ms)
				LogAssemblyErrors (0ms)
				InitializePlatformSupportModulesInManaged (33ms)
				SetLoadedEditorAssemblies (2ms)
				RefreshPlugins (5ms)
				BeforeProcessingInitializeOnLoad (302ms)
				ProcessInitializeOnLoadAttributes (1316ms)
				ProcessInitializeOnLoadMethodAttributes (137ms)
				AfterProcessingInitializeOnLoad (18ms)
				EditorAssembliesLoaded (0ms)
			ExecutionOrderSort2 (0ms)
			AwakeInstancesAfterBackupRestoration (24ms)
Platform modules already initialized, skipping
Refreshing native plugins compatible for Editor in 2.83 ms, found 3 plugins.
Preloading 0 native plugins for Editor in 0.00 ms.
Unloading 2969 Unused Serialized files (Serialized files now loaded: 0)
Unloading 14 unused Assets / (24.7 KB). Loaded Objects now: 3510.
Memory consumption went from 114.0 MB to 114.0 MB.
Total: 8.492100 ms (FindLiveObjects: 0.917800 ms CreateObjectMapping: 2.069400 ms MarkObjects: 5.462000 ms  DeleteObjects: 0.041500 ms)

AssetImportParameters requested are different than current active one (requested -> active):
  custom:video-decoder-ogg-theora: a1e56fd34408186e4bbccfd4996cb3dc -> 
  custom:container-muxer-webm: aa71ff27fc2769a1b78a27578f13a17b -> 
  custom:container-demuxer-webm: 4f35f7cbe854078d1ac9338744f61a02 -> 
  custom:video-encoder-webm-vp8: eb34c28f22e8b96e1ab97ce403110664 -> 
  custom:audio-encoder-webm-vorbis: bf7c407c2cedff20999df2af8eb42d56 -> 
  custom:framework-win-MediaFoundation: 216162199b28c13a410421893ffa2e32 -> 
  custom:container-demuxer-ogg: 62fdf1f143b41e24485cea50d1cbac27 -> 
  custom:video-decoder-webm-vp8: 9c59270c3fd7afecdb556c50c9e8de78 -> 
  custom:audio-decoder-ogg-vorbis: bf7c407c2cedff20999df2af8eb42d56 -> 
========================================================================
Received Prepare
Registering precompiled user dll's ...
Registered in 0.005271 seconds.
Begin MonoManager ReloadAssembly
Symbol file LoadedFromMemory doesn't match image D:\Unity\HoondoStudio\Library\PackageCache\com.unity.visualscripting@1.8.0\Editor\VisualScripting.Core\Dependencies\YamlDotNet\Unity.VisualScripting.YamlDotNet.dll
Symbol file LoadedFromMemory doesn't match image D:\Unity\HoondoStudio\Library\PackageCache\com.unity.visualscripting@1.8.0\Editor\VisualScripting.Core\Dependencies\DotNetZip\Unity.VisualScripting.IonicZip.dll
Native extension for WindowsStandalone target not found
Native extension for WebGL target not found
Refreshing native plugins compatible for Editor in 2.96 ms, found 3 plugins.
Preloading 0 native plugins for Editor in 0.00 ms.
Mono: successfully reloaded assembly
- Completed reload, in  4.734 seconds
Domain Reload Profiling:
	ReloadAssembly (4737ms)
		BeginReloadAssembly (278ms)
			ExecutionOrderSort (0ms)
			DisableScriptedObjects (15ms)
			BackupInstance (0ms)
			ReleaseScriptingObjects (0ms)
			CreateAndSetChildDomain (63ms)
		EndReloadAssembly (4242ms)
			LoadAssemblies (183ms)
			RebuildTransferFunctionScriptingTraits (0ms)
			SetupTypeCache (1040ms)
			ReleaseScriptCaches (14ms)
			RebuildScriptCaches (417ms)
			SetupLoadedEditorAssemblies (2011ms)
				LogAssemblyErrors (0ms)
				InitializePlatformSupportModulesInManaged (39ms)
				SetLoadedEditorAssemblies (4ms)
				RefreshPlugins (3ms)
				BeforeProcessingInitializeOnLoad (362ms)
				ProcessInitializeOnLoadAttributes (1369ms)
				ProcessInitializeOnLoadMethodAttributes (218ms)
				AfterProcessingInitializeOnLoad (15ms)
				EditorAssembliesLoaded (0ms)
			ExecutionOrderSort2 (0ms)
			AwakeInstancesAfterBackupRestoration (38ms)
Platform modules already initialized, skipping
Refreshing native plugins compatible for Editor in 7.93 ms, found 3 plugins.
Preloading 0 native plugins for Editor in 0.00 ms.
Unloading 2969 Unused Serialized files (Serialized files now loaded: 0)
Unloading 14 unused Assets / (24.6 KB). Loaded Objects now: 3513.
Memory consumption went from 114.1 MB to 114.0 MB.
Total: 14.060700 ms (FindLiveObjects: 0.788600 ms CreateObjectMapping: 1.578300 ms MarkObjects: 11.654100 ms  DeleteObjects: 0.035600 ms)

AssetImportParameters requested are different than current active one (requested -> active):
  custom:video-decoder-ogg-theora: a1e56fd34408186e4bbccfd4996cb3dc -> 
  custom:container-muxer-webm: aa71ff27fc2769a1b78a27578f13a17b -> 
  custom:container-demuxer-webm: 4f35f7cbe854078d1ac9338744f61a02 -> 
  custom:video-encoder-webm-vp8: eb34c28f22e8b96e1ab97ce403110664 -> 
  custom:audio-encoder-webm-vorbis: bf7c407c2cedff20999df2af8eb42d56 -> 
  custom:framework-win-MediaFoundation: 216162199b28c13a410421893ffa2e32 -> 
  custom:container-demuxer-ogg: 62fdf1f143b41e24485cea50d1cbac27 -> 
  custom:video-decoder-webm-vp8: 9c59270c3fd7afecdb556c50c9e8de78 -> 
  custom:audio-decoder-ogg-vorbis: bf7c407c2cedff20999df2af8eb42d56 -> 
========================================================================
Received Prepare
Registering precompiled user dll's ...
Registered in 0.006498 seconds.
Begin MonoManager ReloadAssembly
Symbol file LoadedFromMemory doesn't match image D:\Unity\HoondoStudio\Library\PackageCache\com.unity.visualscripting@1.8.0\Editor\VisualScripting.Core\Dependencies\YamlDotNet\Unity.VisualScripting.YamlDotNet.dll
Symbol file LoadedFromMemory doesn't match image D:\Unity\HoondoStudio\Library\PackageCache\com.unity.visualscripting@1.8.0\Editor\VisualScripting.Core\Dependencies\DotNetZip\Unity.VisualScripting.IonicZip.dll
Native extension for WindowsStandalone target not found
Native extension for WebGL target not found
Refreshing native plugins compatible for Editor in 1.75 ms, found 3 plugins.
Preloading 0 native plugins for Editor in 0.00 ms.
Mono: successfully reloaded assembly
- Completed reload, in  5.022 seconds
Domain Reload Profiling:
	ReloadAssembly (5028ms)
		BeginReloadAssembly (267ms)
			ExecutionOrderSort (0ms)
			DisableScriptedObjects (19ms)
			BackupInstance (0ms)
			ReleaseScriptingObjects (0ms)
			CreateAndSetChildDomain (58ms)
		EndReloadAssembly (4494ms)
			LoadAssemblies (176ms)
			RebuildTransferFunctionScriptingTraits (0ms)
			SetupTypeCache (1532ms)
			ReleaseScriptCaches (6ms)
			RebuildScriptCaches (434ms)
			SetupLoadedEditorAssemblies (1750ms)
				LogAssemblyErrors (0ms)
				InitializePlatformSupportModulesInManaged (33ms)
				SetLoadedEditorAssemblies (2ms)
				RefreshPlugins (2ms)
				BeforeProcessingInitializeOnLoad (313ms)
				ProcessInitializeOnLoadAttributes (1225ms)
				ProcessInitializeOnLoadMethodAttributes (157ms)
				AfterProcessingInitializeOnLoad (17ms)
				EditorAssembliesLoaded (1ms)
			ExecutionOrderSort2 (0ms)
			AwakeInstancesAfterBackupRestoration (44ms)
Platform modules already initialized, skipping
Refreshing native plugins compatible for Editor in 4.07 ms, found 3 plugins.
Preloading 0 native plugins for Editor in 0.00 ms.
Unloading 2969 Unused Serialized files (Serialized files now loaded: 0)
Unloading 14 unused Assets / (24.6 KB). Loaded Objects now: 3516.
Memory consumption went from 114.1 MB to 114.0 MB.
Total: 12.040800 ms (FindLiveObjects: 0.794000 ms CreateObjectMapping: 0.727800 ms MarkObjects: 10.473500 ms  DeleteObjects: 0.043600 ms)

AssetImportParameters requested are different than current active one (requested -> active):
  custom:video-decoder-ogg-theora: a1e56fd34408186e4bbccfd4996cb3dc -> 
  custom:container-muxer-webm: aa71ff27fc2769a1b78a27578f13a17b -> 
  custom:container-demuxer-webm: 4f35f7cbe854078d1ac9338744f61a02 -> 
  custom:video-encoder-webm-vp8: eb34c28f22e8b96e1ab97ce403110664 -> 
  custom:audio-encoder-webm-vorbis: bf7c407c2cedff20999df2af8eb42d56 -> 
  custom:framework-win-MediaFoundation: 216162199b28c13a410421893ffa2e32 -> 
  custom:container-demuxer-ogg: 62fdf1f143b41e24485cea50d1cbac27 -> 
  custom:video-decoder-webm-vp8: 9c59270c3fd7afecdb556c50c9e8de78 -> 
  custom:audio-decoder-ogg-vorbis: bf7c407c2cedff20999df2af8eb42d56 -> 
========================================================================
Received Import Request.
  Time since last request: 2295.662055 seconds.
  path: Assets/일해라 김유린.png
  artifactKey: Guid(cbd409b6c7e77e842a1e63ccab362809) Importer(815301076,1909f56bfc062723c751e8b465ee728b)
Start importing Assets/일해라 김유린.png using Guid(cbd409b6c7e77e842a1e63ccab362809) Importer(815301076,1909f56bfc062723c751e8b465ee728b)  -> (artifact id: '53632dbf7235e4a93033303bdba881f9') in 0.553727 seconds 
========================================================================
Received Import Request.
  Time since last request: 24.013351 seconds.
  path: Assets/일해라 김유린.png
  artifactKey: Guid(cbd409b6c7e77e842a1e63ccab362809) Importer(815301076,1909f56bfc062723c751e8b465ee728b)
Start importing Assets/일해라 김유린.png using Guid(cbd409b6c7e77e842a1e63ccab362809) Importer(815301076,1909f56bfc062723c751e8b465ee728b)  -> (artifact id: 'bc4c3799214a4ab23791237b7c8d8b05') in 0.406419 seconds 
